{"C:\\Users\\Marcelinka\\Desktop\\Darek\\alacrity\\nestjs-aes-crypto\\src\\crypto\\crypto.service.ts": {"path":"C:\\Users\\Marcelinka\\Desktop\\Darek\\alacrity\\nestjs-aes-crypto\\src\\crypto\\crypto.service.ts","statementMap":{"0":{"start":{"line":1,"column":0},"end":{"line":1,"column":44}},"1":{"start":{"line":4,"column":17},"end":{"line":4,"column":37}},"2":{"start":{"line":8,"column":0},"end":{"line":17,"column":null}},"3":{"start":{"line":10,"column":4},"end":{"line":10,"column":98}},"4":{"start":{"line":14,"column":18},"end":{"line":14,"column":60}},"5":{"start":{"line":15,"column":4},"end":{"line":15,"column":57}},"6":{"start":{"line":8,"column":13},"end":{"line":17,"column":null}},"7":{"start":{"line":8,"column":13},"end":{"line":8,"column":26}}},"fnMap":{"0":{"name":"(anonymous_1)","decl":{"start":{"line":9,"column":2},"end":{"line":9,"column":9}},"loc":{"start":{"line":9,"column":26},"end":{"line":11,"column":3}}},"1":{"name":"(anonymous_2)","decl":{"start":{"line":13,"column":2},"end":{"line":13,"column":9}},"loc":{"start":{"line":13,"column":46},"end":{"line":16,"column":3}}}},"branchMap":{},"s":{"0":2,"1":2,"2":2,"3":2,"4":4,"5":4,"6":2,"7":2},"f":{"0":2,"1":4},"b":{}}
,"C:\\Users\\Marcelinka\\Desktop\\Darek\\alacrity\\nestjs-aes-crypto\\src\\data\\data.controller.ts": {"path":"C:\\Users\\Marcelinka\\Desktop\\Darek\\alacrity\\nestjs-aes-crypto\\src\\data\\data.controller.ts","statementMap":{"0":{"start":{"line":1,"column":0},"end":{"line":1,"column":67}},"1":{"start":{"line":2,"column":0},"end":{"line":2,"column":57}},"2":{"start":{"line":3,"column":0},"end":{"line":3,"column":41}},"3":{"start":{"line":5,"column":0},"end":{"line":5,"column":45}},"4":{"start":{"line":6,"column":0},"end":{"line":6,"column":51}},"5":{"start":{"line":9,"column":0},"end":{"line":42,"column":null}},"6":{"start":{"line":11,"column":21},"end":{"line":11,"column":36}},"7":{"start":{"line":12,"column":21},"end":{"line":12,"column":34}},"8":{"start":{"line":13,"column":21},"end":{"line":13,"column":34}},"9":{"start":{"line":18,"column":17},"end":{"line":18,"column":51}},"10":{"start":{"line":20,"column":26},"end":{"line":20,"column":28}},"11":{"start":{"line":21,"column":4},"end":{"line":33,"column":7}},"12":{"start":{"line":23,"column":6},"end":{"line":28,"column":null}},"13":{"start":{"line":24,"column":8},"end":{"line":24,"column":70}},"14":{"start":{"line":26,"column":8},"end":{"line":26,"column":88}},"15":{"start":{"line":27,"column":8},"end":{"line":27,"column":15}},"16":{"start":{"line":29,"column":6},"end":{"line":32,"column":null}},"17":{"start":{"line":35,"column":4},"end":{"line":35,"column":25}},"18":{"start":{"line":40,"column":4},"end":{"line":40,"column":76}},"19":{"start":{"line":17,"column":2},"end":{"line":36,"column":null}},"20":{"start":{"line":39,"column":2},"end":{"line":41,"column":null}},"21":{"start":{"line":9,"column":13},"end":{"line":42,"column":null}},"22":{"start":{"line":9,"column":13},"end":{"line":9,"column":27}}},"fnMap":{"0":{"name":"(anonymous_4)","decl":{"start":{"line":10,"column":2},"end":{"line":10,"column":null}},"loc":{"start":{"line":13,"column":45},"end":{"line":14,"column":7}}},"1":{"name":"(anonymous_5)","decl":{"start":{"line":17,"column":2},"end":{"line":17,"column":7}},"loc":{"start":{"line":17,"column":87},"end":{"line":36,"column":3}}},"2":{"name":"(anonymous_6)","decl":{"start":{"line":21,"column":17},"end":{"line":21,"column":18}},"loc":{"start":{"line":21,"column":26},"end":{"line":33,"column":5}}},"3":{"name":"(anonymous_7)","decl":{"start":{"line":39,"column":2},"end":{"line":39,"column":8}},"loc":{"start":{"line":39,"column":58},"end":{"line":41,"column":3}}}},"branchMap":{},"s":{"0":1,"1":1,"2":1,"3":1,"4":1,"5":1,"6":3,"7":3,"8":3,"9":2,"10":2,"11":2,"12":2,"13":2,"14":1,"15":1,"16":1,"17":2,"18":1,"19":1,"20":1,"21":1,"22":1},"f":{"0":3,"1":2,"2":2,"3":1},"b":{}}
,"C:\\Users\\Marcelinka\\Desktop\\Darek\\alacrity\\nestjs-aes-crypto\\src\\data\\data.entity.ts": {"path":"C:\\Users\\Marcelinka\\Desktop\\Darek\\alacrity\\nestjs-aes-crypto\\src\\data\\data.entity.ts","statementMap":{"0":{"start":{"line":1,"column":0},"end":{"line":1,"column":56}},"1":{"start":{"line":5,"column":0},"end":{"line":11,"column":null}},"2":{"start":{"line":7,"column":2},"end":{"line":7,"column":null}},"3":{"start":{"line":10,"column":2},"end":{"line":10,"column":null}},"4":{"start":{"line":5,"column":13},"end":{"line":11,"column":null}},"5":{"start":{"line":5,"column":13},"end":{"line":5,"column":17}}},"fnMap":{},"branchMap":{},"s":{"0":2,"1":2,"2":2,"3":2,"4":2,"5":2},"f":{},"b":{}}
,"C:\\Users\\Marcelinka\\Desktop\\Darek\\alacrity\\nestjs-aes-crypto\\src\\data\\data.service.ts": {"path":"C:\\Users\\Marcelinka\\Desktop\\Darek\\alacrity\\nestjs-aes-crypto\\src\\data\\data.service.ts","statementMap":{"0":{"start":{"line":1,"column":0},"end":{"line":1,"column":44}},"1":{"start":{"line":2,"column":0},"end":{"line":2,"column":37}},"2":{"start":{"line":3,"column":0},"end":{"line":3,"column":36}},"3":{"start":{"line":4,"column":0},"end":{"line":4,"column":51}},"4":{"start":{"line":7,"column":0},"end":{"line":26,"column":null}},"5":{"start":{"line":10,"column":12},"end":{"line":10,"column":28}},"6":{"start":{"line":14,"column":4},"end":{"line":17,"column":17}},"7":{"start":{"line":21,"column":17},"end":{"line":21,"column":27}},"8":{"start":{"line":22,"column":4},"end":{"line":22,"column":17}},"9":{"start":{"line":23,"column":4},"end":{"line":23,"column":23}},"10":{"start":{"line":24,"column":4},"end":{"line":24,"column":42}},"11":{"start":{"line":7,"column":13},"end":{"line":26,"column":null}},"12":{"start":{"line":7,"column":13},"end":{"line":7,"column":24}}},"fnMap":{"0":{"name":"(anonymous_4)","decl":{"start":{"line":8,"column":2},"end":{"line":8,"column":null}},"loc":{"start":{"line":10,"column":44},"end":{"line":11,"column":7}}},"1":{"name":"(anonymous_5)","decl":{"start":{"line":13,"column":2},"end":{"line":13,"column":9}},"loc":{"start":{"line":13,"column":20},"end":{"line":18,"column":3}}},"2":{"name":"(anonymous_6)","decl":{"start":{"line":20,"column":2},"end":{"line":20,"column":8}},"loc":{"start":{"line":20,"column":34},"end":{"line":25,"column":3}}}},"branchMap":{},"s":{"0":2,"1":2,"2":2,"3":2,"4":2,"5":5,"6":3,"7":2,"8":2,"9":2,"10":2,"11":2,"12":2},"f":{"0":5,"1":3,"2":2},"b":{}}
,"C:\\Users\\Marcelinka\\Desktop\\Darek\\alacrity\\nestjs-aes-crypto\\src\\data\\mocks.ts": {"path":"C:\\Users\\Marcelinka\\Desktop\\Darek\\alacrity\\nestjs-aes-crypto\\src\\data\\mocks.ts","statementMap":{"0":{"start":{"line":1,"column":13},"end":{"line":16,"column":null}},"1":{"start":{"line":1,"column":49},"end":{"line":16,"column":2}},"2":{"start":{"line":2,"column":27},"end":{"line":5,"column":4}},"3":{"start":{"line":6,"column":37},"end":{"line":15,"column":4}},"4":{"start":{"line":7,"column":26},"end":{"line":14,"column":6}},"5":{"start":{"line":8,"column":30},"end":{"line":13,"column":8}},"6":{"start":{"line":18,"column":13},"end":{"line":20,"column":4}},"7":{"start":{"line":18,"column":49},"end":{"line":20,"column":2}}},"fnMap":{"0":{"name":"(anonymous_0)","decl":{"start":{"line":1,"column":42},"end":{"line":1,"column":45}},"loc":{"start":{"line":1,"column":49},"end":{"line":16,"column":2}}},"1":{"name":"(anonymous_1)","decl":{"start":{"line":2,"column":16},"end":{"line":2,"column":17}},"loc":{"start":{"line":2,"column":27},"end":{"line":5,"column":4}}},"2":{"name":"(anonymous_2)","decl":{"start":{"line":6,"column":30},"end":{"line":6,"column":33}},"loc":{"start":{"line":6,"column":37},"end":{"line":15,"column":4}}},"3":{"name":"(anonymous_3)","decl":{"start":{"line":7,"column":19},"end":{"line":7,"column":22}},"loc":{"start":{"line":7,"column":26},"end":{"line":14,"column":6}}},"4":{"name":"(anonymous_4)","decl":{"start":{"line":8,"column":23},"end":{"line":8,"column":26}},"loc":{"start":{"line":8,"column":30},"end":{"line":13,"column":8}}},"5":{"name":"(anonymous_5)","decl":{"start":{"line":18,"column":42},"end":{"line":18,"column":45}},"loc":{"start":{"line":18,"column":49},"end":{"line":20,"column":2}}}},"branchMap":{},"s":{"0":2,"1":10,"2":2,"3":3,"4":3,"5":3,"6":2,"7":6},"f":{"0":10,"1":2,"2":3,"3":3,"4":3,"5":6},"b":{}}
,"C:\\Users\\Marcelinka\\Desktop\\Darek\\alacrity\\nestjs-aes-crypto\\src\\data\\dto\\data.dto.ts": {"path":"C:\\Users\\Marcelinka\\Desktop\\Darek\\alacrity\\nestjs-aes-crypto\\src\\data\\dto\\data.dto.ts","statementMap":{"0":{"start":{"line":1,"column":0},"end":{"line":1,"column":13}}},"fnMap":{},"branchMap":{},"s":{"0":1},"f":{},"b":{}}
,"C:\\Users\\Marcelinka\\Desktop\\Darek\\alacrity\\nestjs-aes-crypto\\src\\logs\\log.entity.ts": {"path":"C:\\Users\\Marcelinka\\Desktop\\Darek\\alacrity\\nestjs-aes-crypto\\src\\logs\\log.entity.ts","statementMap":{"0":{"start":{"line":1,"column":0},"end":{"line":1,"column":83}},"1":{"start":{"line":5,"column":0},"end":{"line":17,"column":null}},"2":{"start":{"line":7,"column":2},"end":{"line":7,"column":null}},"3":{"start":{"line":10,"column":2},"end":{"line":10,"column":null}},"4":{"start":{"line":13,"column":2},"end":{"line":13,"column":null}},"5":{"start":{"line":16,"column":2},"end":{"line":16,"column":null}},"6":{"start":{"line":5,"column":13},"end":{"line":17,"column":null}},"7":{"start":{"line":5,"column":13},"end":{"line":5,"column":16}}},"fnMap":{},"branchMap":{},"s":{"0":1,"1":1,"2":1,"3":1,"4":1,"5":1,"6":1,"7":1},"f":{},"b":{}}
,"C:\\Users\\Marcelinka\\Desktop\\Darek\\alacrity\\nestjs-aes-crypto\\src\\logs\\logs.service.ts": {"path":"C:\\Users\\Marcelinka\\Desktop\\Darek\\alacrity\\nestjs-aes-crypto\\src\\logs\\logs.service.ts","statementMap":{"0":{"start":{"line":1,"column":0},"end":{"line":1,"column":44}},"1":{"start":{"line":2,"column":0},"end":{"line":2,"column":35}},"2":{"start":{"line":3,"column":0},"end":{"line":3,"column":50}},"3":{"start":{"line":4,"column":0},"end":{"line":4,"column":50}},"4":{"start":{"line":7,"column":0},"end":{"line":20,"column":null}},"5":{"start":{"line":10,"column":12},"end":{"line":10,"column":27}},"6":{"start":{"line":15,"column":16},"end":{"line":15,"column":25}},"7":{"start":{"line":16,"column":4},"end":{"line":16,"column":20}},"8":{"start":{"line":17,"column":4},"end":{"line":17,"column":22}},"9":{"start":{"line":18,"column":4},"end":{"line":18,"column":42}},"10":{"start":{"line":7,"column":13},"end":{"line":20,"column":null}},"11":{"start":{"line":7,"column":13},"end":{"line":7,"column":24}}},"fnMap":{"0":{"name":"(anonymous_4)","decl":{"start":{"line":8,"column":2},"end":{"line":8,"column":null}},"loc":{"start":{"line":10,"column":42},"end":{"line":11,"column":7}}},"1":{"name":"(anonymous_5)","decl":{"start":{"line":13,"column":2},"end":{"line":13,"column":8}},"loc":{"start":{"line":13,"column":36},"end":{"line":19,"column":3}}}},"branchMap":{},"s":{"0":1,"1":1,"2":1,"3":1,"4":1,"5":3,"6":1,"7":1,"8":1,"9":1,"10":1,"11":1},"f":{"0":3,"1":1},"b":{}}
}
